2023.08.05 16:42:12 INFO  Started: Metals version 1.0.0 in folders '/workspaces/LambdaArchitect' for client Visual Studio Code 1.81.0.
Aug 05, 2023 4:42:12 PM org.flywaydb.core.internal.license.VersionPrinter printVersionOnly
INFO: Flyway Community Edition 9.20.1 by Redgate
Aug 05, 2023 4:42:12 PM org.flywaydb.core.internal.license.VersionPrinter printVersion
INFO: See release notes here: https://rd.gt/416ObMi
Aug 05, 2023 4:42:12 PM org.flywaydb.core.internal.license.VersionPrinter printVersion
INFO: 
Aug 05, 2023 4:42:13 PM org.flywaydb.core.internal.database.base.BaseDatabaseType createDatabase
INFO: Database: jdbc:h2:file:/workspaces/LambdaArchitect/.metals/metals (H2 2.1)
Aug 05, 2023 4:42:13 PM org.flywaydb.core.internal.schemahistory.JdbcTableSchemaHistory allAppliedMigrations
INFO: Schema history table "PUBLIC"."flyway_schema_history" does not exist yet
Aug 05, 2023 4:42:13 PM org.flywaydb.core.internal.command.DbValidate validate
INFO: Successfully validated 4 migrations (execution time 00:00.020s)
Aug 05, 2023 4:42:13 PM org.flywaydb.core.internal.schemahistory.JdbcTableSchemaHistory create
INFO: Creating Schema History table "PUBLIC"."flyway_schema_history" ...
Aug 05, 2023 4:42:13 PM org.flywaydb.core.internal.command.DbMigrate migrateGroup
INFO: Current version of schema "PUBLIC": << Empty Schema >>
Aug 05, 2023 4:42:13 PM org.flywaydb.core.internal.command.DbMigrate doMigrateGroup
INFO: Migrating schema "PUBLIC" to version "1 - Create tables"
Aug 05, 2023 4:42:13 PM org.flywaydb.core.internal.command.DbMigrate doMigrateGroup
INFO: Migrating schema "PUBLIC" to version "2 - Server discovery"
Aug 05, 2023 4:42:13 PM org.flywaydb.core.internal.command.DbMigrate doMigrateGroup
INFO: Migrating schema "PUBLIC" to version "3 - Jar symbols"
Aug 05, 2023 4:42:13 PM org.flywaydb.core.internal.command.DbMigrate doMigrateGroup
INFO: Migrating schema "PUBLIC" to version "4 - Fingerprints"
Aug 05, 2023 4:42:13 PM org.flywaydb.core.internal.command.DbMigrate logSummary
INFO: Successfully applied 4 migrations to schema "PUBLIC", now at version v4 (execution time 00:00.046s)
2023.08.05 16:42:13 INFO  time: initialize in 1.06s
2023.08.05 16:42:16 WARN  Build server is not auto-connectable.
2023.08.05 16:42:16 WARN  no build tool detected in workspace '/workspaces/LambdaArchitect'. The most common cause for this problem is that the editor was opened in the wrong working directory, for example if you use sbt then the workspace directory should contain build.sbt. 
Aug 05, 2023 4:42:52 PM org.eclipse.lsp4j.jsonrpc.services.GenericEndpoint notify
INFO: Unsupported notification method: $/setTrace
2023.08.05 16:57:15 INFO  Shutting down server
2023.08.05 16:57:15 INFO  shutting down Metals
2023.08.05 16:57:15 INFO  Exiting server
2023.08.05 17:00:32 INFO  Started: Metals version 1.0.0 in folders '/workspaces/LambdaArchitect' for client Visual Studio Code 1.81.0.
Aug 05, 2023 5:00:32 PM org.flywaydb.core.internal.license.VersionPrinter printVersionOnly
INFO: Flyway Community Edition 9.20.1 by Redgate
Aug 05, 2023 5:00:32 PM org.flywaydb.core.internal.license.VersionPrinter printVersion
INFO: See release notes here: https://rd.gt/416ObMi
Aug 05, 2023 5:00:32 PM org.flywaydb.core.internal.license.VersionPrinter printVersion
INFO: 
Aug 05, 2023 5:00:33 PM org.flywaydb.core.internal.database.base.BaseDatabaseType createDatabase
INFO: Database: jdbc:h2:file:/workspaces/LambdaArchitect/.metals/metals (H2 2.1)
Aug 05, 2023 5:00:33 PM org.flywaydb.core.internal.command.DbValidate validate
INFO: Successfully validated 4 migrations (execution time 00:00.055s)
Aug 05, 2023 5:00:33 PM org.flywaydb.core.internal.command.DbMigrate migrateGroup
INFO: Current version of schema "PUBLIC": 4
Aug 05, 2023 5:00:33 PM org.flywaydb.core.internal.command.DbMigrate logSummary
INFO: Schema "PUBLIC" is up to date. No migration necessary.
2023.08.05 17:00:33 INFO  time: initialize in 1.22s
2023.08.05 17:00:36 WARN  Build server is not auto-connectable.
2023.08.05 17:00:36 WARN  no build tool detected in workspace '/workspaces/LambdaArchitect'. The most common cause for this problem is that the editor was opened in the wrong working directory, for example if you use sbt then the workspace directory should contain build.sbt. 
Aug 05, 2023 5:00:37 PM org.eclipse.lsp4j.jsonrpc.RemoteEndpoint fallbackResponseError
SEVERE: Internal error: scala.meta.internal.metals.debug.BuildTargetNotFoundForPathException: No build target could be found for the path: /workspaces/LambdaArchitect/Scala  Basics
java.util.concurrent.CompletionException: scala.meta.internal.metals.debug.BuildTargetNotFoundForPathException: No build target could be found for the path: /workspaces/LambdaArchitect/Scala  Basics
	at java.base/java.util.concurrent.CompletableFuture.encodeThrowable(CompletableFuture.java:332)
	at java.base/java.util.concurrent.CompletableFuture.uniAcceptNow(CompletableFuture.java:747)
	at java.base/java.util.concurrent.CompletableFuture.uniAcceptStage(CompletableFuture.java:735)
	at java.base/java.util.concurrent.CompletableFuture.thenAcceptAsync(CompletableFuture.java:2186)
	at scala.concurrent.java8.FuturesConvertersImpl$CF.thenAccept(FutureConvertersImpl.scala:37)
	at org.eclipse.lsp4j.jsonrpc.RemoteEndpoint.handleRequest(RemoteEndpoint.java:279)
	at org.eclipse.lsp4j.jsonrpc.RemoteEndpoint.consume(RemoteEndpoint.java:190)
	at org.eclipse.lsp4j.jsonrpc.json.StreamMessageProducer.handleMessage(StreamMessageProducer.java:194)
	at org.eclipse.lsp4j.jsonrpc.json.StreamMessageProducer.listen(StreamMessageProducer.java:94)
	at org.eclipse.lsp4j.jsonrpc.json.ConcurrentMessageProcessor.run(ConcurrentMessageProcessor.java:113)
	at java.base/java.util.concurrent.Executors$RunnableAdapter.call(Executors.java:539)
	at java.base/java.util.concurrent.FutureTask.run(FutureTask.java:264)
	at java.base/java.util.concurrent.ThreadPoolExecutor.runWorker(ThreadPoolExecutor.java:1136)
	at java.base/java.util.concurrent.ThreadPoolExecutor$Worker.run(ThreadPoolExecutor.java:635)
	at java.base/java.lang.Thread.run(Thread.java:833)
Caused by: scala.meta.internal.metals.debug.BuildTargetNotFoundForPathException: No build target could be found for the path: /workspaces/LambdaArchitect/Scala  Basics
	at scala.meta.internal.metals.debug.DebugProvider.debugDiscovery(DebugProvider.scala:468)
	at scala.meta.internal.metals.MetalsLspService.debugDiscovery(MetalsLspService.scala:1770)
	at scala.meta.internal.metals.WorkspaceLspService.executeCommand(WorkspaceLspService.scala:869)
	at scala.meta.metals.lsp.DelegatingScalaService.executeCommand(DelegatingScalaService.scala:169)
	at java.base/jdk.internal.reflect.NativeMethodAccessorImpl.invoke0(Native Method)
	at java.base/jdk.internal.reflect.NativeMethodAccessorImpl.invoke(NativeMethodAccessorImpl.java:77)
	at java.base/jdk.internal.reflect.DelegatingMethodAccessorImpl.invoke(DelegatingMethodAccessorImpl.java:43)
	at java.base/java.lang.reflect.Method.invoke(Method.java:568)
	at org.eclipse.lsp4j.jsonrpc.services.GenericEndpoint.lambda$null$0(GenericEndpoint.java:65)
	at org.eclipse.lsp4j.jsonrpc.services.GenericEndpoint.request(GenericEndpoint.java:120)
	at org.eclipse.lsp4j.jsonrpc.RemoteEndpoint.handleRequest(RemoteEndpoint.java:261)
	... 9 more

2023.08.05 17:40:47 WARN  no build target for: /workspaces/LambdaArchitect/Lambda Arcgitecture with Spark/Batch Layer with Apache Spark.scala
2023.08.05 17:41:13 INFO  no build target found for /workspaces/LambdaArchitect/Lambda Arcgitecture with Spark/Batch Layer with Apache Spark.scala. Using presentation compiler with project's scala-library version: 3.3.0
2023.08.05 17:41:15 INFO  time: code lens generation in 28s
2023.08.05 17:42:05 WARN  no build target for: /workspaces/LambdaArchitect/Lambda Arcgitecture with Spark/SPEed layer with Spark streaming.scala
2023.08.05 17:43:21 WARN  no build target for: /workspaces/LambdaArchitect/Lambda Arcgitecture with Spark/SPEed layer with Spark streaming.scala
